-------------------------------------------------------------------------------
Test set: Client Test
-------------------------------------------------------------------------------
Tests run: 12, Failures: 0, Errors: 1, Skipped: 0, Time elapsed: 1.271 s <<< FAILURE! - in ClientTest
ClientTest.serverDisconn  Time elapsed: 0.002 s  <<< ERROR!
java.lang.NullPointerException: Cannot invoke "java.net.Socket.close()" because "ClientTest.socketClient" is null
	at ClientTest.serverDisconn(ClientTest.java:209)

