<?xml version="1.0" encoding="UTF-8"?>
<testsuite xmlns:xsi="http://www.w3.org/2001/XMLSchema-instance" xsi:noNamespaceSchemaLocation="https://maven.apache.org/surefire/maven-surefire-plugin/xsd/surefire-test-report-3.0.xsd" version="3.0" name="Client Test" time="1.219" tests="9" errors="0" skipped="0" failures="0">
  <properties>
[...]
</properties>
  <testcase name="Servidor conectado" classname="Client Test" time="0.028"/>
  <testcase name="Error campo de texto" classname="Client Test" time="0.001">
    <system-out><![CDATA[Falta especificar nombre de usuario
]]></system-out>
  </testcase>
  <testcase name="LoginFail" classname="Client Test" time="0.025"/>
  <testcase name="Servidor desconectado" classname="Client Test" time="0.003"/>
  <testcase name="Test Registro Bien" classname="Client Test" time="0.003"/>
  <testcase name="LoginOK" classname="Client Test" time="0.002"/>
  <testcase name="Test Registro Fail" classname="Client Test" time="0.002"/>
  <testcase name="Correcto campo de texto" classname="Client Test" time="0.001"/>
  <testcase name="Test Registro Mail Existente" classname="Client Test" time="0.003"/>
</testsuite>